<?xml version="1.0" encoding="UTF-8"?>
<!-- Generated by org.testng.reporters.JUnitXMLReporter -->
<testsuite ignored="0" hostname="DESKTOP-GPS7AVV" failures="1" tests="2" name="Functional" time="15.263" errors="0" timestamp="26 May 2019 19:03:30 GMT">
  <testcase classname="com.friendsurance.tests.RegisterAsAExistingUser_Test" name="registerAsAExistingUser" time="5.436">
    <failure type="java.lang.AssertionError" message="Proper Alert message is not dispalyed">
      <![CDATA[java.lang.AssertionError: Proper Alert message is not dispalyed
at com.friendsurance.tests.RegisterAsAExistingUser_Test.registerAsAExistingUser(RegisterAsAExistingUser_Test.java:29)
... Removed 27 stack frames]]>
    </failure>
  </testcase> <!-- registerAsAExistingUser -->
  <testcase classname="com.friendsurance.tests.UserChangeCredentials_Test" name="changePassword" time="8.128"/>
</testsuite> <!-- Functional -->
